<?xml version="1.0" encoding="UTF-8" ?>
<testsuite errors="0" failures="1" hostname="MZ-PC" name="cn.jxsme.hj.test.twoTestTest" tests="4" time="0.153" timestamp="2009-05-03T09:29:15">
  <properties>
    <property name="java.runtime.name" value="Java(TM) 2 Runtime Environment, Standard Edition" />
    <property name="sun.boot.library.path" value="C:\Program Files\Java\jdk1.5.0_08\jre\bin" />
    <property name="java.vm.version" value="1.5.0_08-b03" />
    <property name="ant.library.dir" value="D:\常用JAR包\apache-ant-1.7.1\lib" />
    <property name="run.classpath" value="bin" />
    <property name="ant.version" value="Apache Ant version 1.7.1 compiled on June 27 2008" />
    <property name="ant.java.version" value="1.5" />
    <property name="java.vm.vendor" value="Sun Microsystems Inc." />
    <property name="java.vendor.url" value="http://java.sun.com/" />
    <property name="path.separator" value=";" />
    <property name="java.vm.name" value="Java HotSpot(TM) Client VM" />
    <property name="file.encoding.pkg" value="sun.io" />
    <property name="user.country" value="CN" />
    <property name="sun.os.patch.level" value="Service Pack 1" />
    <property name="java.vm.specification.name" value="Java Virtual Machine Specification" />
    <property name="user.dir" value="E:\J2EE网络编程标准\myeclipse\Ant和JUnit结合" />
    <property name="java.runtime.version" value="1.5.0_08-b03" />
    <property name="java.awt.graphicsenv" value="sun.awt.Win32GraphicsEnvironment" />
    <property name="basedir" value="E:\J2EE网络编程标准\myeclipse\Ant和JUnit结合" />
    <property name="ant.file.project" value="E:\J2EE网络编程标准\myeclipse\Ant和JUnit结合\buildxml.xml" />
    <property name="java.endorsed.dirs" value="C:\Program Files\Java\jdk1.5.0_08\jre\lib\endorsed" />
    <property name="os.arch" value="x86" />
    <property name="java.io.tmpdir" value="C:\Users\MZ\AppData\Local\Temp\" />
    <property name="ant.core.lib" value="D:\常用JAR包\apache-ant-1.7.1\lib\ant.jar" />
    <property name="line.separator" value="
" />
    <property name="java.vm.specification.vendor" value="Sun Microsystems Inc." />
    <property name="user.variant" value="" />
    <property name="test.srcpath" value="junit" />
    <property name="os.name" value="Windows NT (unknown)" />
    <property name="DSTAMP" value="20090503" />
    <property name="ant.home" value="D:\常用JAR包\apache-ant-1.7.1\bin\.." />
    <property name="run.srcpath" value="src" />
    <property name="ant.project.name" value="project" />
    <property name="sun.jnu.encoding" value="GBK" />
    <property name="TODAY" value="May 3 2009" />
    <property name="java.library.path" value="C:\Program Files\Java\jdk1.5.0_08\jre\bin;.;C:\Windows\system32;C:\Windows;C:\Program Files\CollabNet Subversion Server;C:\Windows\system32;C:\Windows;C:\Windows\System32\Wbem;C:\Program Files\Common Files\Thunder Network\KanKan\Codecs;C:\Windows\System32\WindowsPowerShell\v1.0\;C:\Program Files\MySQL\MySQL Server 5.0\bin;C:\Program Files\Microsoft SQL Server\90\Tools\binn\;D:\Program Files\VistaMaster;C:\Program Files\Java\jdk1.5.0_08\bin;D:\常用JAR包\apache-ant-1.7.1\bin" />
    <property name="java.class.version" value="49.0" />
    <property name="java.specification.name" value="Java Platform API Specification" />
    <property name="ant.file.buildall" value="E:\J2EE网络编程标准\myeclipse\Ant和JUnit结合\buildall.xml" />
    <property name="lib.dir" value="lib" />
    <property name="sun.management.compiler" value="HotSpot Client Compiler" />
    <property name="os.version" value="6.0" />
    <property name="ant.file" value="E:\J2EE网络编程标准\myeclipse\Ant和JUnit结合\buildxml.xml" />
    <property name="user.home" value="C:\Users\MZ" />
    <property name="user.timezone" value="" />
    <property name="java.awt.printerjob" value="sun.awt.windows.WPrinterJob" />
    <property name="java.specification.version" value="1.5" />
    <property name="file.encoding" value="GBK" />
    <property name="TSTAMP" value="0929" />
    <property name="user.name" value="MZ" />
    <property name="java.class.path" value="E:\J2EE网络编程标准\myeclipse\Ant和JUnit结合\bin;E:\J2EE网络编程标准\myeclipse\Ant和JUnit结合\lib\junit-4.6.jar;D:\常用JAR包\apache-ant-1.7.1\lib\ant-launcher.jar;D:\常用JAR包\apache-ant-1.7.1\lib\ant.jar;D:\常用JAR包\apache-ant-1.7.1\lib\ant-junit.jar" />
    <property name="test.report" value="report" />
    <property name="java.vm.specification.version" value="1.0" />
    <property name="sun.arch.data.model" value="32" />
    <property name="java.home" value="C:\Program Files\Java\jdk1.5.0_08\jre" />
    <property name="java.specification.vendor" value="Sun Microsystems Inc." />
    <property name="user.language" value="zh" />
    <property name="awt.toolkit" value="sun.awt.windows.WToolkit" />
    <property name="java.vm.info" value="mixed mode, sharing" />
    <property name="java.version" value="1.5.0_08" />
    <property name="java.ext.dirs" value="C:\Program Files\Java\jdk1.5.0_08\jre\lib\ext" />
    <property name="sun.boot.class.path" value="C:\Program Files\Java\jdk1.5.0_08\jre\lib\rt.jar;C:\Program Files\Java\jdk1.5.0_08\jre\lib\i18n.jar;C:\Program Files\Java\jdk1.5.0_08\jre\lib\sunrsasign.jar;C:\Program Files\Java\jdk1.5.0_08\jre\lib\jsse.jar;C:\Program Files\Java\jdk1.5.0_08\jre\lib\jce.jar;C:\Program Files\Java\jdk1.5.0_08\jre\lib\charsets.jar;C:\Program Files\Java\jdk1.5.0_08\jre\classes" />
    <property name="java.vendor" value="Sun Microsystems Inc." />
    <property name="file.separator" value="\" />
    <property name="java.vendor.url.bug" value="http://java.sun.com/cgi-bin/bugreport.cgi" />
    <property name="sun.cpu.endian" value="little" />
    <property name="sun.io.unicode.encoding" value="UnicodeLittle" />
    <property name="sun.desktop" value="windows" />
    <property name="sun.cpu.isalist" value="" />
  </properties>
  <testcase classname="cn.jxsme.hj.test.twoTestTest" name="testSum" time="0.0040" />
  <testcase classname="cn.jxsme.hj.test.twoTestTest" name="testMinu" time="0.0010" />
  <testcase classname="cn.jxsme.hj.test.twoTestTest" name="testRide" time="0.0010" />
  <testcase classname="cn.jxsme.hj.test.twoTestTest" name="testEx" time="0.011">
    <failure message="this is method Ex expected:&lt;2&gt; but was:&lt;0&gt;" type="junit.framework.AssertionFailedError">junit.framework.AssertionFailedError: this is method Ex expected:&lt;2&gt; but was:&lt;0&gt;
	at cn.jxsme.hj.test.twoTestTest.testEx(Unknown Source)
</failure>
  </testcase>
  <system-out><![CDATA[]]></system-out>
  <system-err><![CDATA[]]></system-err>
</testsuite>
