<?xml version="1.0" encoding="UTF-8" ?>
<testsuite errors="0" failures="0" hostname="MZ-PC" name="com.ai92.cooljunit.TestWordDealUtilWithParam" tests="0" time="0.157" timestamp="2009-05-03T11:09:42">
  <properties>
    <property name="java.runtime.name" value="Java(TM) SE Runtime Environment" />
    <property name="sun.boot.library.path" value="C:\Program Files\Java\jre6\bin" />
    <property name="java.vm.version" value="11.3-b02" />
    <property name="ant.library.dir" value="D:\Program Files\MyEclipse 7.0M1\eclipse\plugins\org.apache.ant_1.7.0.v200803061910\lib" />
    <property name="ant.version" value="Apache Ant version 1.7.1 compiled on June 27 2008" />
    <property name="ant.java.version" value="1.6" />
    <property name="java.vm.vendor" value="Sun Microsystems Inc." />
    <property name="src folder" value="src" />
    <property name="java.vendor.url" value="http://java.sun.com/" />
    <property name="path.separator" value=";" />
    <property name="ant.file.auto unittest task" value="E:\J2EE网络编程标准\myeclipse\IBM_单元测试利器 JUnit 4\build.xml" />
    <property name="java.vm.name" value="Java HotSpot(TM) Client VM" />
    <property name="file.encoding.pkg" value="sun.io" />
    <property name="user.country" value="CN" />
    <property name="sun.java.launcher" value="SUN_STANDARD" />
    <property name="sun.os.patch.level" value="Service Pack 1" />
    <property name="java.vm.specification.name" value="Java Virtual Machine Specification" />
    <property name="user.dir" value="E:\J2EE网络编程标准\myeclipse\IBM_单元测试利器 JUnit 4" />
    <property name="java.runtime.version" value="1.6.0_13-b03" />
    <property name="java.awt.graphicsenv" value="sun.awt.Win32GraphicsEnvironment" />
    <property name="eclipse.pdebuild.scripts" value="/D:/Program Files/MyEclipse 7.0M1/eclipse/plugins/org.eclipse.pde.build_3.4.0.v20080604/scripts/" />
    <property name="basedir" value="E:\J2EE网络编程标准\myeclipse\IBM_单元测试利器 JUnit 4" />
    <property name="java.endorsed.dirs" value="C:\Program Files\Java\jre6\lib\endorsed" />
    <property name="os.arch" value="x86" />
    <property name="java.io.tmpdir" value="C:\Users\MZ\AppData\Local\Temp\" />
    <property name="ant.core.lib" value="D:\常用JAR包\apache-ant-1.7.1\lib\ant.jar" />
    <property name="line.separator" value="
" />
    <property name="java.vm.specification.vendor" value="Sun Microsystems Inc." />
    <property name="user.variant" value="" />
    <property name="os.name" value="Windows Vista" />
    <property name="ant.home" value="D:\Program Files\MyEclipse 7.0M1\eclipse\plugins\org.apache.ant_1.7.0.v200803061910" />
    <property name="eclipse.pdebuild.templates" value="/D:/Program Files/MyEclipse 7.0M1/eclipse/plugins/org.eclipse.pde.build_3.4.0.v20080604/templates/" />
    <property name="ant.project.name" value="auto unittest task" />
    <property name="sun.jnu.encoding" value="GBK" />
    <property name="eclipse.pdebuild.home" value="/D:/Program Files/MyEclipse 7.0M1/eclipse/plugins/org.eclipse.pde.build_3.4.0.v20080604/./" />
    <property name="java.library.path" value="C:\Program Files\Java\jre6\bin;.;C:\Windows\Sun\Java\bin;C:\Windows\system32;C:\Windows;C:\Program Files\CollabNet Subversion Server;C:\Windows\system32;C:\Windows;C:\Windows\System32\Wbem;C:\Program Files\Common Files\Thunder Network\KanKan\Codecs;C:\Windows\System32\WindowsPowerShell\v1.0\;C:\Program Files\MySQL\MySQL Server 5.0\bin;C:\Program Files\Microsoft SQL Server\90\Tools\binn\;D:\Program Files\VistaMaster;C:\Program Files\Java\jdk1.5.0_08\bin;D:\常用JAR包\apache-ant-1.7.1\bin" />
    <property name="java.class.version" value="50.0" />
    <property name="java.specification.name" value="Java Platform API Specification" />
    <property name="sun.management.compiler" value="HotSpot Client Compiler" />
    <property name="os.version" value="6.0" />
    <property name="ant.file" value="E:\J2EE网络编程标准\myeclipse\IBM_单元测试利器 JUnit 4\build.xml" />
    <property name="user.home" value="C:\Users\MZ" />
    <property name="user.timezone" value="" />
    <property name="java.awt.printerjob" value="sun.awt.windows.WPrinterJob" />
    <property name="java.specification.version" value="1.6" />
    <property name="file.encoding" value="GBK" />
    <property name="output folder" value="bin" />
    <property name="test folder" value="testsrc" />
    <property name="java.class.path" value="E:\J2EE网络编程标准\myeclipse\IBM_单元测试利器 JUnit 4\lib\junit-4.6.jar;E:\J2EE网络编程标准\myeclipse\IBM_单元测试利器 JUnit 4\bin;D:\常用JAR包\junit4.6\junit-4.6.jar;D:\常用JAR包\apache-ant-1.7.1\lib\ant-launcher.jar;D:\常用JAR包\apache-ant-1.7.1\lib\ant.jar;D:\常用JAR包\apache-ant-1.7.1\lib\ant-junit.jar" />
    <property name="user.name" value="MZ" />
    <property name="java.vm.specification.version" value="1.0" />
    <property name="java.home" value="C:\Program Files\Java\jre6" />
    <property name="sun.arch.data.model" value="32" />
    <property name="user.language" value="zh" />
    <property name="java.specification.vendor" value="Sun Microsystems Inc." />
    <property name="awt.toolkit" value="sun.awt.windows.WToolkit" />
    <property name="java.vm.info" value="mixed mode, sharing" />
    <property name="java.version" value="1.6.0_13" />
    <property name="java.ext.dirs" value="C:\Program Files\Java\jre6\lib\ext;C:\Windows\Sun\Java\lib\ext" />
    <property name="sun.boot.class.path" value="C:\Program Files\Java\jre6\lib\resources.jar;C:\Program Files\Java\jre6\lib\rt.jar;C:\Program Files\Java\jre6\lib\sunrsasign.jar;C:\Program Files\Java\jre6\lib\jsse.jar;C:\Program Files\Java\jre6\lib\jce.jar;C:\Program Files\Java\jre6\lib\charsets.jar;C:\Program Files\Java\jre6\classes" />
    <property name="java.vendor" value="Sun Microsystems Inc." />
    <property name="file.separator" value="\" />
    <property name="report folder" value="report" />
    <property name="java.vendor.url.bug" value="http://java.sun.com/cgi-bin/bugreport.cgi" />
    <property name="sun.io.unicode.encoding" value="UnicodeLittle" />
    <property name="sun.cpu.endian" value="little" />
    <property name="sun.desktop" value="windows" />
    <property name="sun.cpu.isalist" value="" />
  </properties>
  <system-out><![CDATA[]]></system-out>
  <system-err><![CDATA[]]></system-err>
</testsuite>
